07:21:58,228  INFO Logger<strong>{1}</strong>:255 - Navigating to Login into Application Action
07:21:58,229  INFO Logger<strong>{1}</strong>:255 - Navigating to Login into Application Action
07:22:03,347  INFO Logger<strong>{1}</strong>:9172 - Successfully Deleted All The Cookies.
07:22:03,413  INFO Logger<strong>{1}</strong>:9172 - Successfully Deleted All The Cookies.
07:22:03,417  INFO Logger<strong>{1}</strong>:9895 - Sucessfully Clicked refreshPagePPM.PF.107
07:22:03,432  INFO Logger<strong>{1}</strong>:1870 - Switched to Element SuccessfullyPPM.PF.107
07:22:03,432 ERROR Logger<strong>{1}</strong>:282 - Failed to logout PPM.PF.107
07:22:03,490  INFO Logger<strong>{1}</strong>:9895 - Sucessfully Clicked refreshPagePPM.PF.107
07:22:03,506  INFO Logger<strong>{1}</strong>:1870 - Switched to Element SuccessfullyPPM.PF.107
07:22:03,506 ERROR Logger<strong>{1}</strong>:282 - Failed to logout PPM.PF.107
07:22:03,719  INFO Logger<strong>{1}</strong>:8669 - clear and typed the given Data
07:22:03,719  INFO Logger<strong>{1}</strong>:8671 - Sucessfully Clicked typeIntoValidxpathPPM.PF.107
07:22:03,806  INFO Logger<strong>{1}</strong>:8669 - clear and typed the given Data
07:22:03,806  INFO Logger<strong>{1}</strong>:8671 - Sucessfully Clicked typeIntoValidxpathPPM.PF.107
07:22:04,036  INFO Logger<strong>{1}</strong>:9018 - Successfully Screenshot is taken
07:22:04,160  INFO Logger<strong>{1}</strong>:9018 - Successfully Screenshot is taken
07:22:05,037  INFO Logger<strong>{1}</strong>:324 - Successfully entered data PPM.PF.107
07:22:05,161  INFO Logger<strong>{1}</strong>:324 - Successfully entered data PPM.PF.107
07:22:05,360  INFO Logger<strong>{1}</strong>:9018 - Successfully Screenshot is taken
07:22:05,480  INFO Logger<strong>{1}</strong>:9018 - Successfully Screenshot is taken
07:22:23,505  INFO Logger<strong>{1}</strong>:8946 - Sucessfully Clicked enterPPM.PF.107
07:22:23,506  INFO Logger<strong>{1}</strong>:303 - Succesfully password is entered PPM.PF.107
07:22:23,506  INFO Logger<strong>{1}</strong>:263 - Navigating to Navigate Action
07:22:28,227  INFO Logger<strong>{1}</strong>:9018 - Successfully Screenshot is taken
07:22:28,227  INFO Logger<strong>{1}</strong>:348 - Successfully navigator is done PPM.PF.107
07:22:31,310  INFO Logger<strong>{1}</strong>:8946 - Sucessfully Clicked enterPPM.PF.107
07:22:31,311  INFO Logger<strong>{1}</strong>:303 - Succesfully password is entered PPM.PF.107
07:22:31,311  INFO Logger<strong>{1}</strong>:263 - Navigating to Navigate Action
07:22:36,103  INFO Logger<strong>{1}</strong>:9018 - Successfully Screenshot is taken
07:22:36,103  INFO Logger<strong>{1}</strong>:348 - Successfully navigator is done PPM.PF.107
07:22:37,791  INFO Logger<strong>{1}</strong>:9018 - Successfully Screenshot is taken
07:22:37,791  INFO Logger<strong>{1}</strong>:411 - Successfully menunavigation is clicked PPM.PF.107
07:22:41,463  INFO Logger<strong>{1}</strong>:9018 - Successfully Screenshot is taken
07:22:41,463  INFO Logger<strong>{1}</strong>:447 - Successfully menuNavigationButton is done PPM.PF.107
07:22:44,625  INFO Logger<strong>{1}</strong>:9018 - Successfully Screenshot is taken
07:22:44,625  INFO Logger<strong>{1}</strong>:411 - Successfully menunavigation is clicked PPM.PF.107
07:22:48,291  INFO Logger<strong>{1}</strong>:9018 - Successfully Screenshot is taken
07:22:48,291  INFO Logger<strong>{1}</strong>:447 - Successfully menuNavigationButton is done PPM.PF.107
07:22:57,126 ERROR Logger<strong>{1}</strong>:4683 - Failed during clickLinkPPM.PF.107
07:23:10,149 ERROR Logger<strong>{1}</strong>:4709 - Failed during clickLinkPPM.PF.107
07:23:13,816 ERROR Logger<strong>{1}</strong>:4683 - Failed during clickLinkPPM.PF.107
07:23:20,187 ERROR Logger<strong>{1}</strong>:4772 - Failed during clickLinkPPM.PF.107
07:23:26,831 ERROR Logger<strong>{1}</strong>:4709 - Failed during clickLinkPPM.PF.107
07:23:30,212 ERROR Logger<strong>{1}</strong>:4791 - Failed during clickLinkPPM.PF.107
07:23:36,865 ERROR Logger<strong>{1}</strong>:4772 - Failed during clickLinkPPM.PF.107
07:23:40,234 ERROR Logger<strong>{1}</strong>:4810 - Failed during clickLinkPPM.PF.107
07:23:46,913 ERROR Logger<strong>{1}</strong>:4791 - Failed during clickLinkPPM.PF.107
07:23:50,254 ERROR Logger<strong>{1}</strong>:4828 - Failed during clickLinkPPM.PF.107
07:23:50,771  INFO Logger<strong>{1}</strong>:9018 - Successfully Screenshot is taken
07:23:50,771  INFO Logger<strong>{1}</strong>:4841 - Sucessfully Clicked clickLinkPPM.PF.107
07:23:56,959 ERROR Logger<strong>{1}</strong>:4810 - Failed during clickLinkPPM.PF.107
07:23:58,119 ERROR Logger<strong>{1}</strong>:2781 - Failed during clickImagPPM.PF.107
07:23:58,316  INFO Logger<strong>{1}</strong>:8601 - Sucessfully Clicked clickValidateXpathPPM.PF.107
07:23:58,653  INFO Logger<strong>{1}</strong>:9018 - Successfully Screenshot is taken
07:23:58,653  INFO Logger<strong>{1}</strong>:2795 - Sucessfully Clicked clickImagePPM.PF.107
07:24:06,980 ERROR Logger<strong>{1}</strong>:4828 - Failed during clickLinkPPM.PF.107
07:24:07,554  INFO Logger<strong>{1}</strong>:9018 - Successfully Screenshot is taken
07:24:07,554  INFO Logger<strong>{1}</strong>:4841 - Sucessfully Clicked clickLinkPPM.PF.107
07:24:11,683 ERROR Logger<strong>{1}</strong>:4683 - Failed during clickLinkPPM.PF.107
07:24:19,192 ERROR Logger<strong>{1}</strong>:2781 - Failed during clickImagPPM.PF.107
07:24:19,389  INFO Logger<strong>{1}</strong>:8601 - Sucessfully Clicked clickValidateXpathPPM.PF.107
07:24:19,725  INFO Logger<strong>{1}</strong>:9018 - Successfully Screenshot is taken
07:24:19,725  INFO Logger<strong>{1}</strong>:2795 - Sucessfully Clicked clickImagePPM.PF.107
07:24:24,741 ERROR Logger<strong>{1}</strong>:4709 - Failed during clickLinkPPM.PF.107
07:24:32,747 ERROR Logger<strong>{1}</strong>:4683 - Failed during clickLinkPPM.PF.107
07:24:34,774 ERROR Logger<strong>{1}</strong>:4772 - Failed during clickLinkPPM.PF.107
07:24:44,850 ERROR Logger<strong>{1}</strong>:4791 - Failed during clickLinkPPM.PF.107
07:24:45,782 ERROR Logger<strong>{1}</strong>:4709 - Failed during clickLinkPPM.PF.107
07:24:54,873 ERROR Logger<strong>{1}</strong>:4810 - Failed during clickLinkPPM.PF.107
07:24:55,838 ERROR Logger<strong>{1}</strong>:4772 - Failed during clickLinkPPM.PF.107
07:25:04,898 ERROR Logger<strong>{1}</strong>:4828 - Failed during clickLinkPPM.PF.107
07:25:05,413  INFO Logger<strong>{1}</strong>:9018 - Successfully Screenshot is taken
07:25:05,413  INFO Logger<strong>{1}</strong>:4841 - Sucessfully Clicked clickLinkPPM.PF.107
07:25:05,858 ERROR Logger<strong>{1}</strong>:4791 - Failed during clickLinkPPM.PF.107
07:25:15,881 ERROR Logger<strong>{1}</strong>:4810 - Failed during clickLinkPPM.PF.107
07:25:18,461 ERROR Logger<strong>{1}</strong>:4683 - Failed during clickLinkPPM.PF.107
07:25:25,921 ERROR Logger<strong>{1}</strong>:4828 - Failed during clickLinkPPM.PF.107
07:25:26,441  INFO Logger<strong>{1}</strong>:9018 - Successfully Screenshot is taken
07:25:26,441  INFO Logger<strong>{1}</strong>:4841 - Sucessfully Clicked clickLinkPPM.PF.107
07:25:31,485 ERROR Logger<strong>{1}</strong>:4709 - Failed during clickLinkPPM.PF.107
07:25:39,477 ERROR Logger<strong>{1}</strong>:4683 - Failed during clickLinkPPM.PF.107
07:25:41,508 ERROR Logger<strong>{1}</strong>:4772 - Failed during clickLinkPPM.PF.107
07:25:51,526 ERROR Logger<strong>{1}</strong>:4791 - Failed during clickLinkPPM.PF.107
07:25:52,503 ERROR Logger<strong>{1}</strong>:4709 - Failed during clickLinkPPM.PF.107
07:26:01,550 ERROR Logger<strong>{1}</strong>:4810 - Failed during clickLinkPPM.PF.107
07:26:02,532 ERROR Logger<strong>{1}</strong>:4772 - Failed during clickLinkPPM.PF.107
07:26:11,573 ERROR Logger<strong>{1}</strong>:4828 - Failed during clickLinkPPM.PF.107
07:26:12,137  INFO Logger<strong>{1}</strong>:9018 - Successfully Screenshot is taken
07:26:12,137  INFO Logger<strong>{1}</strong>:4841 - Sucessfully Clicked clickLinkPPM.PF.107
07:26:12,455  INFO Logger<strong>{1}</strong>:9018 - Successfully Screenshot is taken
07:26:12,695  INFO Logger<strong>{1}</strong>:9339 - Sucessfully Clicked selectMethodPPM.PF.107
07:26:12,985  INFO Logger<strong>{1}</strong>:9018 - Successfully Screenshot is taken
07:26:13,276  INFO Logger<strong>{1}</strong>:9018 - Successfully Screenshot is taken
07:26:17,983  INFO Logger<strong>{1}</strong>:9018 - Successfully Screenshot is taken
07:26:18,323  INFO Logger<strong>{1}</strong>:9018 - Successfully Screenshot is taken
07:26:18,480  INFO Logger<strong>{1}</strong>:8601 - Sucessfully Clicked clickValidateXpathPPM.PF.107
07:26:23,056 ERROR Logger<strong>{1}</strong>:4791 - Failed during clickLinkPPM.PF.107
07:26:33,074 ERROR Logger<strong>{1}</strong>:4810 - Failed during clickLinkPPM.PF.107
07:26:33,481  INFO Logger<strong>{1}</strong>:2917 - Sucessfully Clicked Create Time Card clickButtonPPM.PF.107
07:26:33,794  INFO Logger<strong>{1}</strong>:8669 - clear and typed the given Data
07:26:33,794  INFO Logger<strong>{1}</strong>:8671 - Sucessfully Clicked typeIntoValidxpathPPM.PF.107
07:26:34,157  INFO Logger<strong>{1}</strong>:9018 - Successfully Screenshot is taken
07:26:34,157  INFO Logger<strong>{1}</strong>:6704 - Sucessfully Clicked Time Entry tableSendKeysPPM.PF.107
07:26:43,127 ERROR Logger<strong>{1}</strong>:4828 - Failed during clickLinkPPM.PF.107
07:26:43,697  INFO Logger<strong>{1}</strong>:9018 - Successfully Screenshot is taken
07:26:43,697  INFO Logger<strong>{1}</strong>:4841 - Sucessfully Clicked clickLinkPPM.PF.107
07:26:44,018  INFO Logger<strong>{1}</strong>:9018 - Successfully Screenshot is taken
07:26:44,248  INFO Logger<strong>{1}</strong>:9339 - Sucessfully Clicked selectMethodPPM.PF.107
07:26:44,558  INFO Logger<strong>{1}</strong>:9018 - Successfully Screenshot is taken
07:26:44,849  INFO Logger<strong>{1}</strong>:9018 - Successfully Screenshot is taken
07:26:46,204  INFO Logger<strong>{1}</strong>:8887 - Sucessfully Clicked tabPPM.PF.107
07:26:47,416 ERROR Logger<strong>{1}</strong>:8675 - Failed during  typeIntoValidxpathPPM.PF.107
07:26:47,705  INFO Logger<strong>{1}</strong>:9018 - Successfully Screenshot is taken
07:26:47,705  INFO Logger<strong>{1}</strong>:6704 - Sucessfully Clicked Time Entry tableSendKeysPPM.PF.107
07:26:49,574  INFO Logger<strong>{1}</strong>:9018 - Successfully Screenshot is taken
07:26:49,898  INFO Logger<strong>{1}</strong>:9018 - Successfully Screenshot is taken
07:26:50,057  INFO Logger<strong>{1}</strong>:8601 - Sucessfully Clicked clickValidateXpathPPM.PF.107
07:26:59,727  INFO Logger<strong>{1}</strong>:8887 - Sucessfully Clicked tabPPM.PF.107
07:27:00,931 ERROR Logger<strong>{1}</strong>:8675 - Failed during  typeIntoValidxpathPPM.PF.107
07:27:01,216  INFO Logger<strong>{1}</strong>:9018 - Successfully Screenshot is taken
07:27:01,217  INFO Logger<strong>{1}</strong>:6729 - Sucessfully Clicked Mon tableSendKeysPPM.PF.107
07:27:05,057  INFO Logger<strong>{1}</strong>:2917 - Sucessfully Clicked Create Time Card clickButtonPPM.PF.107
07:27:13,241  INFO Logger<strong>{1}</strong>:8887 - Sucessfully Clicked tabPPM.PF.107
07:27:14,480 ERROR Logger<strong>{1}</strong>:8675 - Failed during  typeIntoValidxpathPPM.PF.107
07:27:14,768  INFO Logger<strong>{1}</strong>:9018 - Successfully Screenshot is taken
07:27:14,768  INFO Logger<strong>{1}</strong>:6746 - Sucessfully Clicked Tue tableSendKeysPPM.PF.107
07:27:15,092 ERROR Logger<strong>{1}</strong>:6710 - Failed during Time Entry tableSendKeysPPM.PF.107
07:27:26,788  INFO Logger<strong>{1}</strong>:8887 - Sucessfully Clicked tabPPM.PF.107
07:27:29,998 ERROR Logger<strong>{1}</strong>:8675 - Failed during  typeIntoValidxpathPPM.PF.107
07:27:30,283  INFO Logger<strong>{1}</strong>:9018 - Successfully Screenshot is taken
07:27:30,283  INFO Logger<strong>{1}</strong>:6763 - Sucessfully Clicked Wed tableSendKeysPPM.PF.107
07:27:31,150 ERROR Logger<strong>{1}</strong>:6993 - Failed during  tableSendKeysPPM.PF.107
07:27:41,207 ERROR Logger<strong>{1}</strong>:7009 - Failed during  tableSendKeysPPM.PF.107
07:27:42,301  INFO Logger<strong>{1}</strong>:8887 - Sucessfully Clicked tabPPM.PF.107
07:27:45,517 ERROR Logger<strong>{1}</strong>:8675 - Failed during  typeIntoValidxpathPPM.PF.107
07:27:45,844  INFO Logger<strong>{1}</strong>:9018 - Successfully Screenshot is taken
07:27:45,845  INFO Logger<strong>{1}</strong>:6780 - Sucessfully Clicked Thu tableSendKeysPPM.PF.107
07:27:51,251 ERROR Logger<strong>{1}</strong>:7026 - Failed during  tableSendKeysPPM.PF.107
07:27:57,863  INFO Logger<strong>{1}</strong>:8887 - Sucessfully Clicked tabPPM.PF.107
07:28:01,095 ERROR Logger<strong>{1}</strong>:8675 - Failed during  typeIntoValidxpathPPM.PF.107
07:28:01,295 ERROR Logger<strong>{1}</strong>:7042 - Failed during  tableSendKeysPPM.PF.107
07:28:01,385  INFO Logger<strong>{1}</strong>:9018 - Successfully Screenshot is taken
07:28:01,385  INFO Logger<strong>{1}</strong>:6798 - Sucessfully Clicked Fri tableSendKeysPPM.PF.107
07:28:11,317 ERROR Logger<strong>{1}</strong>:7059 - Failed during  tableSendKeysPPM.PF.107
07:28:13,407  INFO Logger<strong>{1}</strong>:8887 - Sucessfully Clicked tabPPM.PF.107
07:28:18,641 ERROR Logger<strong>{1}</strong>:8675 - Failed during  typeIntoValidxpathPPM.PF.107
07:28:18,910  INFO Logger<strong>{1}</strong>:9018 - Successfully Screenshot is taken
07:28:18,911  INFO Logger<strong>{1}</strong>:6211 - Sucessfully Clicked Time Entry multiplelinestableSendKeysPPM.PF.107
07:28:21,387 ERROR Logger<strong>{1}</strong>:7076 - Failed during  tableSendKeysPPM.PF.107
07:28:30,928  INFO Logger<strong>{1}</strong>:8887 - Sucessfully Clicked tabPPM.PF.107
07:28:31,428 ERROR Logger<strong>{1}</strong>:7095 - Failed during  tableSendKeysPPM.PF.107
07:28:31,740  INFO Logger<strong>{1}</strong>:9085 - Successfully Failed Screenshot is Taken PPM.PF.107
07:28:36,135 ERROR Logger<strong>{1}</strong>:8675 - Failed during  typeIntoValidxpathPPM.PF.107
07:28:36,454  INFO Logger<strong>{1}</strong>:9018 - Successfully Screenshot is taken
07:28:36,454  INFO Logger<strong>{1}</strong>:6211 - Sucessfully Clicked Time Entry multiplelinestableSendKeysPPM.PF.107
07:28:48,483  INFO Logger<strong>{1}</strong>:8887 - Sucessfully Clicked tabPPM.PF.107
07:29:01,760 ERROR Logger<strong>{1}</strong>:8675 - Failed during  typeIntoValidxpathPPM.PF.107
07:29:02,043  INFO Logger<strong>{1}</strong>:9018 - Successfully Screenshot is taken
07:29:02,043  INFO Logger<strong>{1}</strong>:6365 - Sucessfully Clicked Mon multiplelinestableSendKeysPPM.PF.107
07:29:14,072  INFO Logger<strong>{1}</strong>:8887 - Sucessfully Clicked tabPPM.PF.107
07:29:27,326 ERROR Logger<strong>{1}</strong>:8675 - Failed during  typeIntoValidxpathPPM.PF.107
07:29:27,655  INFO Logger<strong>{1}</strong>:9018 - Successfully Screenshot is taken
07:29:27,655  INFO Logger<strong>{1}</strong>:6385 - Sucessfully Clicked Mon multiplelinestableSendKeysPPM.PF.107
07:29:39,682  INFO Logger<strong>{1}</strong>:8887 - Sucessfully Clicked tabPPM.PF.107
07:29:50,959 ERROR Logger<strong>{1}</strong>:8675 - Failed during  typeIntoValidxpathPPM.PF.107
07:29:51,239  INFO Logger<strong>{1}</strong>:9018 - Successfully Screenshot is taken
07:30:03,265  INFO Logger<strong>{1}</strong>:8887 - Sucessfully Clicked tabPPM.PF.107
07:30:14,554 ERROR Logger<strong>{1}</strong>:8675 - Failed during  typeIntoValidxpathPPM.PF.107
07:30:14,864  INFO Logger<strong>{1}</strong>:9018 - Successfully Screenshot is taken
07:30:26,885  INFO Logger<strong>{1}</strong>:8887 - Sucessfully Clicked tabPPM.PF.107
07:30:38,154 ERROR Logger<strong>{1}</strong>:8675 - Failed during  typeIntoValidxpathPPM.PF.107
07:30:38,439  INFO Logger<strong>{1}</strong>:9018 - Successfully Screenshot is taken
07:30:50,467  INFO Logger<strong>{1}</strong>:8887 - Sucessfully Clicked tabPPM.PF.107
07:31:02,503 ERROR Logger<strong>{1}</strong>:3461 - Failed during Apply clickButtonPPM.PF.107
07:31:05,741  INFO Logger<strong>{1}</strong>:8601 - Sucessfully Clicked clickValidateXpathPPM.PF.107
07:31:11,028  INFO Logger<strong>{1}</strong>:9018 - Successfully Screenshot is taken
07:31:11,028  INFO Logger<strong>{1}</strong>:3820 - Sucessfully Clicked  clickButtonPPM.PF.107
07:31:31,083 ERROR Logger<strong>{1}</strong>:3012 - Failed during Ok clickButtonPPM.PF.107
07:31:39,412  INFO Logger<strong>{1}</strong>:9018 - Successfully Screenshot is taken
07:31:43,570  INFO Logger<strong>{1}</strong>:8601 - Sucessfully Clicked clickValidateXpathPPM.PF.107
07:31:47,570  INFO Logger<strong>{1}</strong>:3031 - Sucessfully Clicked Ok clickButtonPPM.PF.107
07:31:53,938  INFO Logger<strong>{1}</strong>:9018 - Successfully Screenshot is taken
07:31:54,089  INFO Logger<strong>{1}</strong>:8601 - Sucessfully Clicked clickValidateXpathPPM.PF.107
07:32:02,089  INFO Logger<strong>{1}</strong>:3266 - Sucessfully Clicked Next clickButtonPPM.PF.107
07:32:14,145 ERROR Logger<strong>{1}</strong>:3461 - Failed during Apply clickButtonPPM.PF.107
07:32:17,349  INFO Logger<strong>{1}</strong>:8601 - Sucessfully Clicked clickValidateXpathPPM.PF.107
07:32:22,639  INFO Logger<strong>{1}</strong>:9018 - Successfully Screenshot is taken
07:32:22,639  INFO Logger<strong>{1}</strong>:3820 - Sucessfully Clicked  clickButtonPPM.PF.107
07:32:42,692 ERROR Logger<strong>{1}</strong>:3012 - Failed during Ok clickButtonPPM.PF.107
07:32:51,042  INFO Logger<strong>{1}</strong>:9018 - Successfully Screenshot is taken
07:32:55,252  INFO Logger<strong>{1}</strong>:8601 - Sucessfully Clicked clickValidateXpathPPM.PF.107
07:32:59,252  INFO Logger<strong>{1}</strong>:3031 - Sucessfully Clicked Ok clickButtonPPM.PF.107
07:33:03,468  INFO Logger<strong>{1}</strong>:8601 - Sucessfully Clicked clickValidateXpathPPM.PF.107
07:33:13,283  INFO Logger<strong>{1}</strong>:159 - Successfully Logout is done PPM.PF.107
07:33:13,608  INFO Logger<strong>{1}</strong>:9018 - Successfully Screenshot is taken
07:33:14,515  INFO Logger<strong>{1}</strong>:8601 - Sucessfully Clicked clickValidateXpathPPM.PF.107
07:33:14,515  INFO Logger<strong>{1}</strong>:2006 - Sucessfully clicked SingnInSignOutPPM.PF.107
