
>> main() 29-OCT-2019 11:20:34
Job Request Id: 1683052

>> glucmt() 29-OCT-2019 11:20:34

<< glucmt() 29-OCT-2019 11:20:34
PPOS0214: Running AutoPost for criteria set: All Journals US Primary Ledger


>> glucmt() 29-OCT-2019 11:20:34

<< glucmt() 29-OCT-2019 11:20:34
PPOS0208: Processing priority 1 for ledger or ledger set US Primary Ledger. (TYPE=Journal updates actual balances.) (PERIOD=ALL) (SOURCE=All) (CATEGORY=All)

PPOS0211: Checking journal batch Audit Fee Accrual KL1.

>> glubnx() 29-OCT-2019 11:20:34

<< glubnx() 29-OCT-2019 11:20:34
SHRD0001: Error in afpoget() - trying to read MAX_PAGE_LENGTH

PROFILES-CANNOT READ (OPTION=MAX_PAGE_LENGTH)
PPOS0211: Checking journal batch Legal expenses adjustment BS1.

>> glubnx() 29-OCT-2019 11:20:34

<< glubnx() 29-OCT-2019 11:20:34
PPOS0211: Checking journal batch Maintenance Expense Accrual Adjustment CB.

>> glubnx() 29-OCT-2019 11:20:34

<< glubnx() 29-OCT-2019 11:20:34
PPOS0211: Checking journal batch Monthly Accrual Adjustment JS2.

>> glubnx() 29-OCT-2019 11:20:34

<< glubnx() 29-OCT-2019 11:20:34
PPOS0211: Checking journal batch Recruitment Expense Adjustment BS3.

>> glubnx() 29-OCT-2019 11:20:34

<< glubnx() 29-OCT-2019 11:20:34
PPOS0210: No more journal batches were found for ledger or ledger set US Primary Ledger. (TYPE=Journal updates actual balances.) (PERIOD=ALL) (SOURCE=All) (CATEGORY=All)

SHRD0147: Finished processing rows

>> glpsbe() 29-OCT-2019 11:20:34

>> glusbe() 29-OCT-2019 11:20:34
status_succ:S:

Parameters for module glusbe begin

event_name:
JournalApproval

event_key:300000046975980:1930240834:

schema_element:
JournalApprovalProcessRequestMessage

event_name_space:
http://xmlns.oracle.com/apps/financials/components/ledgerSoa/gl/journals/journalEntries/approvalComposite/FinGlJrnlEntriesApprovalComposite/JournalApproval

event_schema_name_space:
http://xmlns.oracle.com/apps/financials/components/ledgerSoa/gl/journals/journalEntries/approvalComposite/FinGlJrnlEntriesApprovalComposite/JournalApprovalProcessMessage

debug:T:

return_status::

event_data:
<JournalApprovalProcessRequestMessage>
  <requester>CASEY.BROWN</requester>
  <accessSetId>300000046975980</accessSetId>
  <journalImportJobId>1683052</journalImportJobId>
    <JournalBatches>
      <batchId>393985</batchId>
      <batchName>Audit Fee Accrual KL1</batchName>
      <action>APPROVAL_POSTING</action>
      <ledgerId>-99</ledgerId>
    </JournalBatches>
    <JournalBatches>
      <batchId>393984</batchId>
      <batchName>Legal expenses adjustment BS1</batchName>
      <action>APPROVAL_POSTING</action>
      <ledgerId>-99</ledgerId>
    </JournalBatches>
    <JournalBatches>
      <batchId>35265</batchId>
      <batchName>Maintenance Expense Accrual Adjustment CB</batchName>
      <action>APPROVAL_POSTING</action>
      <ledgerId>-99</ledgerId>
    </JournalBatches>
    <JournalBatches>
      <batchId>393986</batchId>
      <batchName>Monthly Accrual Adjustment JS2</batchName>
      <action>APPROVAL_POSTING</action>
      <ledgerId>-99</ledgerId>
    </JournalBatches>
    <JournalBatches>
      <batchId>351691</batchId>
      <batchName>Recruitment Expense Adjustment BS3</batchName>
      <action>APPROVAL_POSTING</action>
      <ledgerId>-99</ledgerId>
    </JournalBatches>
</JournalApprovalProcessRequestMessage>


pnum:0:

Parameters for module glusbe end

clen:1246:

pn1::pv1::pn2::pv2::

glusbe sql begin 
DECLARE 
  myclob CLOB; 
BEGIN 
  dbms_lob.createtemporary(myclob, FALSE, DBMS_LOB.CALL); 
  dbms_lob.write(myclob, length(:vdatalen), 1, :vdata); 
  gl_business_events.raise( 
    :vname, :vkey, :vschel, :vnmsp, :vschnmsp, :vdebug, :vreturn, myclob, :pn1, :pv1, :pn2, :pv2, :pn3, :pv3,
    :pn4, :pv4, :pn5, :pv5, :pn6, :pv6, :pn7, :pv7, :pn8, :pv8,
    :pn9, :pv9, :pn10, :pv10, :pn11, :pv11, :pn12, :pv12, :pn13,:pv13,
    :pn14, :pv14, :pn15, :pv15, :pn16, :pv16, :pn17,:pv17,:pn18,:pv18,
    :pn19, :pv19, :pn20, :pv20);
END; 
glusbe sql end 

>> gl_business_events.raise() 29-OCT-2019 11:20:34

return_status:S:

<< gl_business_events.raise() 29-OCT-2019 11:20:35

<< glusbe() 29-OCT-2019 11:20:35

<< glpsbe() 29-OCT-2019 11:20:35
Batches submitted for approval

<< main() 29-OCT-2019 11:20:35

+---------------------------------------------------------------------------+
UTIL-CURRENT TIME (DATE=29-OCT-2019) (TIME=11:20:35)

+---------------------------------------------------------------------------+
