
>> main() 14-OCT-2019 06:51:50
Job Request Id: 1700826

>> glucmt() 14-OCT-2019 06:51:50

<< glucmt() 14-OCT-2019 06:51:50
PPOS0214: Running AutoPost for criteria set: All Journals US Primary Ledger


>> glucmt() 14-OCT-2019 06:51:50

<< glucmt() 14-OCT-2019 06:51:50
PPOS0208: Processing priority 1 for ledger or ledger set US Primary Ledger. (TYPE=Journal updates actual balances.) (PERIOD=ALL) (SOURCE=All) (CATEGORY=All)

PPOS0211: Checking journal batch "Test" GGG.

>> glubnx() 14-OCT-2019 06:51:51

<< glubnx() 14-OCT-2019 06:51:51
SHRD0001: Error in afpoget() - trying to read MAX_PAGE_LENGTH

PROFILES-CANNOT READ (OPTION=MAX_PAGE_LENGTH)
PPOS0211: Checking journal batch 96Adjustment.

>> glubnx() 14-OCT-2019 06:51:51

<< glubnx() 14-OCT-2019 06:51:51
PPOS0211: Checking journal batch Audit Fee Accrual KL.

>> glubnx() 14-OCT-2019 06:51:51

<< glubnx() 14-OCT-2019 06:51:51
PPOS0211: Checking journal batch Audit Fee Accrual KL1.

>> glubnx() 14-OCT-2019 06:51:51

<< glubnx() 14-OCT-2019 06:51:51
PPOS0211: Checking journal batch Facility expense negotiated increase provision BS.

>> glubnx() 14-OCT-2019 06:51:51

<< glubnx() 14-OCT-2019 06:51:51
PPOS0211: Checking journal batch Facility expense negotiated increase provision CB.

>> glubnx() 14-OCT-2019 06:51:51

<< glubnx() 14-OCT-2019 06:51:51
PPOS0211: Checking journal batch Facility expense negotiated increase provision KL.

>> glubnx() 14-OCT-2019 06:51:51

<< glubnx() 14-OCT-2019 06:51:51
PPOS0211: Checking journal batch Legal expenses adjustment BS.

>> glubnx() 14-OCT-2019 06:51:51

<< glubnx() 14-OCT-2019 06:51:51
PPOS0211: Checking journal batch Legal expenses adjustment BS1.

>> glubnx() 14-OCT-2019 06:51:51

<< glubnx() 14-OCT-2019 06:51:51
PPOS0211: Checking journal batch Legal expenses adjustment CB.

>> glubnx() 14-OCT-2019 06:51:51

<< glubnx() 14-OCT-2019 06:51:51
PPOS0211: Checking journal batch Legal expenses adjustment KL.

>> glubnx() 14-OCT-2019 06:51:51

<< glubnx() 14-OCT-2019 06:51:51
PPOS0211: Checking journal batch Maintenance Expense Accrual Adjustment CB.

>> glubnx() 14-OCT-2019 06:51:51

<< glubnx() 14-OCT-2019 06:51:51
PPOS0211: Checking journal batch Monthly Accrual Adjustment BS.

>> glubnx() 14-OCT-2019 06:51:51

<< glubnx() 14-OCT-2019 06:51:51
PPOS0211: Checking journal batch Monthly Accrual Adjustment CB.

>> glubnx() 14-OCT-2019 06:51:51

<< glubnx() 14-OCT-2019 06:51:51
PPOS0211: Checking journal batch Monthly Accrual Adjustment JS2.

>> glubnx() 14-OCT-2019 06:51:51

<< glubnx() 14-OCT-2019 06:51:51
PPOS0211: Checking journal batch Monthly Accrual Adjustment KL.

>> glubnx() 14-OCT-2019 06:51:51

<< glubnx() 14-OCT-2019 06:51:51
PPOS0211: Checking journal batch Recruitment Expense Adjustment BS.

>> glubnx() 14-OCT-2019 06:51:51

<< glubnx() 14-OCT-2019 06:51:51
PPOS0211: Checking journal batch Recruitment Expense Adjustment BS3.

>> glubnx() 14-OCT-2019 06:51:51

<< glubnx() 14-OCT-2019 06:51:51
PPOS0211: Checking journal batch Recruitment Expense Adjustment CB.

>> glubnx() 14-OCT-2019 06:51:51

<< glubnx() 14-OCT-2019 06:51:51
PPOS0211: Checking journal batch Special Ad Campaign Expense Adjustment BS.

>> glubnx() 14-OCT-2019 06:51:51

<< glubnx() 14-OCT-2019 06:51:51
PPOS0211: Checking journal batch Special Ad Campaign Expense Adjustment CB.

>> glubnx() 14-OCT-2019 06:51:51

<< glubnx() 14-OCT-2019 06:51:51
PPOS0211: Checking journal batch Special Ad Campaign Expense Adjustment KL.

>> glubnx() 14-OCT-2019 06:51:51

<< glubnx() 14-OCT-2019 06:51:51
PPOS0211: Checking journal batch Test "GLC+".

>> glubnx() 14-OCT-2019 06:51:51

<< glubnx() 14-OCT-2019 06:51:51
PPOS0211: Checking journal batch ZKU TEST Allocations A 300000187781847 1699334 N.
PPOS0210: No more journal batches were found for ledger or ledger set US Primary Ledger. (TYPE=Journal updates actual balances.) (PERIOD=ALL) (SOURCE=All) (CATEGORY=All)

SHRD0147: Finished processing rows

>> glpsbe() 14-OCT-2019 06:51:51

>> glusbe() 14-OCT-2019 06:51:51
status_succ:S:

Parameters for module glusbe begin

event_name:
JournalApproval

event_key:300000046988989:1928724711:

schema_element:
JournalApprovalProcessRequestMessage

event_name_space:
http://xmlns.oracle.com/apps/financials/components/ledgerSoa/gl/journals/journalEntries/approvalComposite/FinGlJrnlEntriesApprovalComposite/JournalApproval

event_schema_name_space:
http://xmlns.oracle.com/apps/financials/components/ledgerSoa/gl/journals/journalEntries/approvalComposite/FinGlJrnlEntriesApprovalComposite/JournalApprovalProcessMessage

debug:T:

return_status::

event_data:
<JournalApprovalProcessRequestMessage>
  <requester>CASEY.BROWN</requester>
  <accessSetId>300000046988989</accessSetId>
  <journalImportJobId>1700826</journalImportJobId>
    <JournalBatches>
      <batchId>512681</batchId>
      <batchName>&quot;Test&quot; GGG</batchName>
      <action>APPROVAL_POSTING</action>
      <ledgerId>-99</ledgerId>
    </JournalBatches>
    <JournalBatches>
      <batchId>499681</batchId>
      <batchName>96Adjustment</batchName>
      <action>APPROVAL_POSTING</action>
      <ledgerId>-99</ledgerId>
    </JournalBatches>
    <JournalBatches>
      <batchId>216410</batchId>
      <batchName>Audit Fee Accrual KL</batchName>
      <action>APPROVAL_POSTING</action>
      <ledgerId>-99</ledgerId>
    </JournalBatches>
    <JournalBatches>
      <batchId>393985</batchId>
      <batchName>Audit Fee Accrual KL1</batchName>
      <action>APPROVAL_POSTING</action>
      <ledgerId>-99</ledgerId>
    </JournalBatches>
    <JournalBatches>
      <batchId>216415</batchId>
      <batchName>Facility expense negotiated increase provision BS</batchName>
      <action>APPROVAL_POSTING</action>
      <ledgerId>-99</ledgerId>
    </JournalBatches>
    <JournalBatches>
      <batchId>216409</batchId>
      <batchName>Facility expense negotiated increase provision CB</batchName>
      <action>APPROVAL_POSTING</action>
      <ledgerId>-99</ledgerId>
    </JournalBatches>
    <JournalBatches>
      <batchId>216412</batchId>
      <batchName>Facility expense negotiated increase provision KL</batchName>
      <action>APPROVAL_POSTING</action>
      <ledgerId>-99</ledgerId>
    </JournalBatches>
    <JournalBatches>
      <batchId>216416</batchId>
      <batchName>Legal expenses adjustment BS</batchName>
      <action>APPROVAL_POSTING</action>
      <ledgerId>-99</ledgerId>
    </JournalBatches>
    <JournalBatches>
      <batchId>393984</batchId>
      <batchName>Legal expenses adjustment BS1</batchName>
      <action>APPROVAL_POSTING</action>
      <ledgerId>-99</ledgerId>
    </JournalBatches>
    <JournalBatches>
      <batchId>216406</batchId>
      <batchName>Legal expenses adjustment CB</batchName>
      <action>APPROVAL_POSTING</action>
      <ledgerId>-99</ledgerId>
    </JournalBatches>
    <JournalBatches>
      <batchId>216413</batchId>
      <batchName>Legal expenses adjustment KL</batchName>
      <action>APPROVAL_POSTING</action>
      <ledgerId>-99</ledgerId>
    </JournalBatches>
    <JournalBatches>
      <batchId>35265</batchId>
      <batchName>Maintenance Expense Accrual Adjustment CB</batchName>
      <action>APPROVAL_POSTING</action>
      <ledgerId>-99</ledgerId>
    </JournalBatches>
    <JournalBatches>
      <batchId>217399</batchId>
      <batchName>Monthly Accrual Adjustment BS</batchName>
      <action>APPROVAL_POSTING</action>
      <ledgerId>-99</ledgerId>
    </JournalBatches>
    <JournalBatches>
      <batchId>216405</batchId>
      <batchName>Monthly Accrual Adjustment CB</batchName>
      <action>APPROVAL_POSTING</action>
      <ledgerId>-99</ledgerId>
    </JournalBatches>
    <JournalBatches>
      <batchId>393986</batchId>
      <batchName>Monthly Accrual Adjustment JS2</batchName>
      <action>APPROVAL_POSTING</action>
      <ledgerId>-99</ledgerId>
    </JournalBatches>
    <JournalBatches>
      <batchId>216411</batchId>
      <batchName>Monthly Accrual Adjustment KL</batchName>
      <action>APPROVAL_POSTING</action>
      <ledgerId>-99</ledgerId>
    </JournalBatches>
    <JournalBatches>
      <batchId>217398</batchId>
      <batchName>Recruitment Expense Adjustment BS</batchName>
      <action>APPROVAL_POSTING</action>
      <ledgerId>-99</ledgerId>
    </JournalBatches>
    <JournalBatches>
      <batchId>351691</batchId>
      <batchName>Recruitment Expense Adjustment BS3</batchName>
      <action>APPROVAL_POSTING</action>
      <ledgerId>-99</ledgerId>
    </JournalBatches>
    <JournalBatches>
      <batchId>216407</batchId>
      <batchName>Recruitment Expense Adjustment CB</batchName>
      <action>APPROVAL_POSTING</action>
      <ledgerId>-99</ledgerId>
    </JournalBatches>
    <JournalBatches>
      <batchId>217397</batchId>
      <batchName>Special Ad Campaign Expense Adjustment BS</batchName>
      <action>APPROVAL_POSTING</action>
      <ledgerId>-99</ledgerId>
    </JournalBatches>
    <JournalBatches>
      <batchId>216408</batchId>
      <batchName>Special Ad Campaign Expense Adjustment CB</batchName>
      <action>APPROVAL_POSTING</action>
      <ledgerId>-99</ledgerId>
    </JournalBatches>
    <JournalBatches>
      <batchId>216414</batchId>
      <batchName>Special Ad Campaign Expense Adjustment KL</batchName>
      <action>APPROVAL_POSTING</action>
      <ledgerId>-99</ledgerId>
    </JournalBatches>
    <JournalBatches>
      <batchId>512680</batchId>
      <batchName>Test &quot;GLC+&quot;</batchName>
      <action>APPROVAL_POSTING</action>
      <ledgerId>-99</ledgerId>
    </JournalBatches>
</JournalApprovalProcessRequestMessage>


pnum:0:

Parameters for module glusbe end

clen:4994:

pn1::pv1::pn2::pv2::

glusbe sql begin 
DECLARE 
  myclob CLOB; 
BEGIN 
  dbms_lob.createtemporary(myclob, FALSE, DBMS_LOB.CALL); 
  dbms_lob.write(myclob, length(:vdatalen), 1, :vdata); 
  gl_business_events.raise( 
    :vname, :vkey, :vschel, :vnmsp, :vschnmsp, :vdebug, :vreturn, myclob, :pn1, :pv1, :pn2, :pv2, :pn3, :pv3,
    :pn4, :pv4, :pn5, :pv5, :pn6, :pv6, :pn7, :pv7, :pn8, :pv8,
    :pn9, :pv9, :pn10, :pv10, :pn11, :pv11, :pn12, :pv12, :pn13,:pv13,
    :pn14, :pv14, :pn15, :pv15, :pn16, :pv16, :pn17,:pv17,:pn18,:pv18,
    :pn19, :pv19, :pn20, :pv20);
END; 
glusbe sql end 

>> gl_business_events.raise() 14-OCT-2019 06:51:51

return_status:S:

<< gl_business_events.raise() 14-OCT-2019 06:51:51

<< glusbe() 14-OCT-2019 06:51:51

<< glpsbe() 14-OCT-2019 06:51:51

>> glucmt() 14-OCT-2019 06:51:51

<< glucmt() 14-OCT-2019 06:51:51
Your posting process 1700827 has been submitted for batches with priority 1.
Your Posting Run ID is 442163.

<< main() 14-OCT-2019 06:51:51

+---------------------------------------------------------------------------+
UTIL-CURRENT TIME (DATE=14-OCT-2019) (TIME=06:51:51)

+---------------------------------------------------------------------------+
